<?xml version="1.0" encoding="UTF-8"?>
<!-- Generated by org.testng.reporters.JUnitReportReporter -->
<testsuite hostname="DESKTOP-1UAJDIE" failures="0" tests="1" name="com.Xsalts.ReusableElements.ResusableElements" time="7.126" errors="0" timestamp="2025-01-14T20:50:33 IST" skipped="0">
  <testcase classname="com.Xsalts.ReusableElements.ResusableElements" name="populateFieldbyText" time="7.126"/>
  <system-out/>
</testsuite> <!-- com.Xsalts.ReusableElements.ResusableElements -->
