<?xml version="1.0" encoding="UTF-8"?>
<!-- Generated by org.testng.reporters.JUnitReportReporter -->
<testsuite hostname="DESKTOP-1UAJDIE" failures="0" tests="1" name="com.Xsalts.Utilities.Utilities" time="0.009" errors="0" timestamp="2025-01-14T22:09:26 IST" skipped="0">
  <testcase classname="com.Xsalts.Utilities.Utilities" name="test1" time="0.009"/>
  <system-out/>
</testsuite> <!-- com.Xsalts.Utilities.Utilities -->
