<?xml version="1.0" encoding="UTF-8"?>
<!-- Generated by org.testng.reporters.JUnitReportReporter -->
<testsuite hostname="DESKTOP-1UAJDIE" failures="0" tests="1" name="com.Xsalts.TestCases.SignOutTest" time="12.949" errors="0" timestamp="2025-01-15T12:49:32 IST" skipped="0">
  <testcase classname="com.Xsalts.TestCases.SignOutTest" name="verifySignOut" time="12.949"/>
  <system-out/>
</testsuite> <!-- com.Xsalts.TestCases.SignOutTest -->
