<?xml version="1.0" encoding="UTF-8"?>
<!-- Generated by org.testng.reporters.JUnitReportReporter -->
<testsuite hostname="DESKTOP-1UAJDIE" failures="0" tests="4" name="com.Xsalts.TestCases.NavigationPageTest" time="37.931" errors="0" timestamp="2025-01-16T08:39:56 IST" skipped="0">
  <testcase classname="com.Xsalts.TestCases.NavigationPageTest" name="getTitle" time="17.375"/>
  <system-out/>
  <testcase classname="com.Xsalts.TestCases.NavigationPageTest" name="logo" time="8.136"/>
  <system-out/>
  <testcase classname="com.Xsalts.TestCases.NavigationPageTest" name="reLaunch" time="6.454"/>
  <system-out/>
  <testcase classname="com.Xsalts.TestCases.NavigationPageTest" name="verifyLaunch" time="5.966"/>
  <system-out/>
</testsuite> <!-- com.Xsalts.TestCases.NavigationPageTest -->
