<?xml version="1.0" encoding="UTF-8"?>
<!-- Generated by org.testng.reporters.JUnitReportReporter -->
<testsuite hostname="DESKTOP-1UAJDIE" failures="0" tests="2" name="com.Xsalts.TestCases.dummy" time="0.019" errors="0" timestamp="2025-01-14T19:24:59 IST" skipped="0">
  <testcase classname="com.Xsalts.TestCases.dummy" name="runch" time="0.003"/>
  <system-out/>
  <testcase classname="com.Xsalts.TestCases.dummy" name="launch" time="0.016"/>
  <system-out/>
</testsuite> <!-- com.Xsalts.TestCases.dummy -->
